app/build/outputs/logs/manifest-merger-release-report.txt
-- Merging decision tree log ---
manifest
ADDED from src/main/AndroidManifest.xml:2:1-491:12
	package
		ADDED from src/main/AndroidManifest.xml:3:5-37
		INJECTED from src/main/AndroidManifest.xml
		INJECTED from src/main/AndroidManifest.xml
	android:versionName
		INJECTED from src/main/AndroidManifest.xml
		INJECTED from src/main/AndroidManifest.xml
	xmlns:android
		ADDED from src/main/AndroidManifest.xml:2:11-69
	android:versionCode
		INJECTED from src/main/AndroidManifest.xml
		INJECTED from src/main/AndroidManifest.xml
uses-permission#android.permission.ACCESS_COARSE_LOCATION
ADDED from src/main/AndroidManifest.xml:5:5-81
	android:name
		ADDED from src/main/AndroidManifest.xml:5:22-78
uses-permission#android.permission.ACCESS_FINE_LOCATION
ADDED from src/main/AndroidManifest.xml:6:5-79
	android:name
		ADDED from src/main/AndroidManifest.xml:6:22-76
uses-permission#android.permission.CALL_PHONE
ADDED from src/main/AndroidManifest.xml:7:5-69
	android:name
		ADDED from src/main/AndroidManifest.xml:7:22-66
uses-permission#android.permission.INTERNET
ADDED from src/main/AndroidManifest.xml:8:5-67
MERGED from [com.google.android.gms:play-services-analytics:10.2.0] AndroidManifest.xml:20:5-66
MERGED from [com.google.android.gms:play-services-appinvite:10.2.0] AndroidManifest.xml:18:5-66
MERGED from [com.google.firebase:firebase-crash:10.2.0] AndroidManifest.xml:18:5-66
MERGED from [com.google.android.gms:play-services-gcm:10.2.0] AndroidManifest.xml:21:5-66
MERGED from [com.google.android.gms:play-services-iid:10.2.0] AndroidManifest.xml:21:5-66
MERGED from [com.google.android.gms:play-services-tagmanager-api:10.2.0] AndroidManifest.xml:20:5-66
MERGED from [com.google.firebase:firebase-analytics:10.2.0] AndroidManifest.xml:20:5-66
MERGED from [com.google.firebase:firebase-analytics-impl:10.2.0] AndroidManifest.xml:20:5-66
MERGED from [com.google.firebase:firebase-iid:10.2.0] AndroidManifest.xml:20:5-66
MERGED from [com.google.android.gms:play-services-analytics-impl:10.2.0] AndroidManifest.xml:20:5-66
MERGED from [com.google.android.gms:play-services-ads-lite:10.2.0] AndroidManifest.xml:19:5-66
MERGED from [com.google.android.gms:play-services-maps:10.2.0] AndroidManifest.xml:20:5-66
	android:name
		ADDED from src/main/AndroidManifest.xml:8:22-64
uses-permission#android.permission.ACCESS_NETWORK_STATE
ADDED from src/main/AndroidManifest.xml:9:5-79
MERGED from [com.google.android.gms:play-services-analytics:10.2.0] AndroidManifest.xml:21:5-78
MERGED from [com.google.android.gms:play-services-nearby:10.2.0] AndroidManifest.xml:4:5-78
MERGED from [com.google.android.gms:play-services-tagmanager-api:10.2.0] AndroidManifest.xml:21:5-78
MERGED from [com.google.firebase:firebase-analytics:10.2.0] AndroidManifest.xml:21:5-78
MERGED from [com.google.firebase:firebase-analytics-impl:10.2.0] AndroidManifest.xml:21:5-78
MERGED from [com.google.firebase:firebase-iid:10.2.0] AndroidManifest.xml:19:5-78
MERGED from [com.google.android.gms:play-services-analytics-impl:10.2.0] AndroidManifest.xml:21:5-78
MERGED from [com.google.android.gms:play-services-ads-lite:10.2.0] AndroidManifest.xml:20:5-78
MERGED from [com.google.android.gms:play-services-maps:10.2.0] AndroidManifest.xml:19:5-78
	android:name
		ADDED from src/main/AndroidManifest.xml:9:22-76
uses-permission#android.permission.ACCESS_WIFI_STATE
ADDED from src/main/AndroidManifest.xml:10:5-76
	android:name
		ADDED from src/main/AndroidManifest.xml:10:22-73
application
ADDED from src/main/AndroidManifest.xml:12:5-489:19
MERGED from [com.google.android.gms:play-services:10.2.0] AndroidManifest.xml:5:5-20
MERGED from [com.google.android.gms:play-services-analytics:10.2.0] AndroidManifest.xml:26:5-19
MERGED from [com.google.android.gms:play-services-appinvite:10.2.0] AndroidManifest.xml:19:5-26:19
MERGED from [com.google.android.gms:play-services-auth:10.2.0] AndroidManifest.xml:19:5-25:19
MERGED from [com.google.android.gms:play-services-cast-framework:10.2.0] AndroidManifest.xml:4:5-8:19
MERGED from [com.google.android.gms:play-services-cast:10.2.0] AndroidManifest.xml:18:5-19
MERGED from [com.android.support:mediarouter-v7:24.0.0] AndroidManifest.xml:22:5-20
MERGED from [com.android.support:palette-v7:24.0.0] AndroidManifest.xml:22:5-23:19
MERGED from [com.google.firebase:firebase-config:10.2.0] AndroidManifest.xml:18:5-19
MERGED from [com.google.android.gms:play-services-awareness:10.2.0] AndroidManifest.xml:18:5-19
MERGED from [com.google.firebase:firebase-crash:10.2.0] AndroidManifest.xml:22:5-23:19
MERGED from [com.google.firebase:firebase-auth:10.2.0] AndroidManifest.xml:19:5-20:19
MERGED from [com.google.firebase:firebase-messaging:10.2.0] AndroidManifest.xml:19:5-29:19
MERGED from [com.google.android.gms:play-services-fitness:10.2.0] AndroidManifest.xml:18:5-19
MERGED from [com.google.android.gms:play-services-games:10.2.0] AndroidManifest.xml:18:5-19
MERGED from [com.google.android.gms:play-services-drive:10.2.0] AndroidManifest.xml:18:5-19
MERGED from [com.google.android.gms:play-services-gcm:10.2.0] AndroidManifest.xml:23:5-19
MERGED from [com.google.firebase:firebase-appindexing:10.2.0] AndroidManifest.xml:18:5-19
MERGED from [com.google.android.gms:play-services-iid:10.2.0] AndroidManifest.xml:23:5-19
MERGED from [com.google.android.gms:play-services-location:10.2.0] AndroidManifest.xml:4:5-19
MERGED from [com.google.android.gms:play-services-nearby:10.2.0] AndroidManifest.xml:5:5-19
MERGED from [com.google.android.gms:play-services-panorama:10.2.0] AndroidManifest.xml:18:5-19
MERGED from [com.google.android.gms:play-services-places:10.2.0] AndroidManifest.xml:18:5-19
MERGED from [com.google.android.gms:play-services-plus:10.2.0] AndroidManifest.xml:18:5-19
MERGED from [com.google.android.gms:play-services-safetynet:10.2.0] AndroidManifest.xml:18:5-19
MERGED from [com.google.android.gms:play-services-tagmanager-api:10.2.0] AndroidManifest.xml:23:5-33:19
MERGED from [com.google.firebase:firebase-analytics:10.2.0] AndroidManifest.xml:24:5-33:19
MERGED from [com.google.firebase:firebase-analytics-impl:10.2.0] AndroidManifest.xml:24:5-28:19
MERGED from [com.google.firebase:firebase-iid:10.2.0] AndroidManifest.xml:28:5-50:19
MERGED from [com.google.firebase:firebase-common:10.2.0] AndroidManifest.xml:4:5-7:19
MERGED from [com.google.android.gms:play-services-tagmanager-v4-impl:10.2.0] AndroidManifest.xml:19:5-19
MERGED from [com.google.android.gms:play-services-analytics-impl:10.2.0] AndroidManifest.xml:26:5-19
MERGED from [com.google.android.gms:play-services-vision:10.2.0] AndroidManifest.xml:4:5-19
MERGED from [com.google.android.gms:play-services-identity:10.2.0] AndroidManifest.xml:18:5-19
MERGED from [com.google.android.gms:play-services-wearable:10.2.0] AndroidManifest.xml:18:5-19
MERGED from [com.google.android.gms:play-services-ads-lite:10.2.0] AndroidManifest.xml:23:5-27:19
MERGED from [com.google.android.gms:play-services-clearcut:10.2.0] AndroidManifest.xml:18:5-19
MERGED from [com.google.android.gms:play-services-gass:10.2.0] AndroidManifest.xml:4:5-19
MERGED from [com.android.support:customtabs:25.2.0] AndroidManifest.xml:22:5-20
MERGED from [com.google.android.gms:play-services-maps:10.2.0] AndroidManifest.xml:24:5-19
MERGED from [com.google.android.gms:play-services-base:10.2.0] AndroidManifest.xml:18:5-20:19
MERGED from [com.google.android.gms:play-services-tasks:10.2.0] AndroidManifest.xml:4:5-19
MERGED from [com.google.android.gms:play-services-basement:10.2.0] AndroidManifest.xml:19:5-21:19
MERGED from [com.android.support:design:25.1.0] AndroidManifest.xml:25:5-20
MERGED from [com.android.support:appcompat-v7:25.2.0] AndroidManifest.xml:25:5-20
MERGED from [com.android.support:animated-vector-drawable:25.2.0] AndroidManifest.xml:22:5-20
MERGED from [com.android.support:support-vector-drawable:25.2.0] AndroidManifest.xml:23:5-20
MERGED from [com.android.support:transition:25.1.0] AndroidManifest.xml:22:5-20
MERGED from [com.android.support:support-v4:25.2.0] AndroidManifest.xml:25:5-20
MERGED from [com.android.support:support-fragment:25.2.0] AndroidManifest.xml:25:5-20
MERGED from [com.android.support:support-media-compat:25.2.0] AndroidManifest.xml:25:5-20
MERGED from [com.android.support:support-core-ui:25.2.0] AndroidManifest.xml:25:5-20
MERGED from [com.android.support:support-core-utils:25.2.0] AndroidManifest.xml:25:5-20
MERGED from [com.android.support:support-compat:25.2.0] AndroidManifest.xml:25:5-20
MERGED from [com.android.support:cardview-v7:25.1.0] AndroidManifest.xml:22:5-20
MERGED from [com.android.support.constraint:constraint-layout:1.0.1] AndroidManifest.xml:9:5-20
	android:label
		ADDED from src/main/AndroidManifest.xml:16:9-41
	android:supportsRtl
		ADDED from src/main/AndroidManifest.xml:17:9-35
	android:allowBackup
		ADDED from src/main/AndroidManifest.xml:14:9-35
	android:icon
		ADDED from src/main/AndroidManifest.xml:15:9-43
	android:theme
		ADDED from src/main/AndroidManifest.xml:18:9-40
	android:name
		ADDED from src/main/AndroidManifest.xml:13:9-68
meta-data#com.google.android.gms.version
ADDED from src/main/AndroidManifest.xml:19:9-21:69
MERGED from [com.google.android.gms:play-services-basement:10.2.0] AndroidManifest.xml:20:9-121
	android:value
		ADDED from src/main/AndroidManifest.xml:21:13-66
	android:name
		ADDED from src/main/AndroidManifest.xml:20:13-58
activity#org.debuggers.anew.toura.MainActivity
ADDED from src/main/AndroidManifest.xml:23:9-31:20
	android:screenOrientation
		ADDED from src/main/AndroidManifest.xml:25:13-49
	android:name
		ADDED from src/main/AndroidManifest.xml:24:13-65
intent-filter#android.intent.action.MAIN+android.intent.category.LAUNCHER
ADDED from src/main/AndroidManifest.xml:26:13-30:29
action#android.intent.action.MAIN
ADDED from src/main/AndroidManifest.xml:27:17-69
	android:name
		ADDED from src/main/AndroidManifest.xml:27:25-66
category#android.intent.category.LAUNCHER
ADDED from src/main/AndroidManifest.xml:29:17-77
	android:name
		ADDED from src/main/AndroidManifest.xml:29:27-74
activity#org.debuggers.anew.toura.NeedCarActivity
ADDED from src/main/AndroidManifest.xml:32:9-34:52
	android:screenOrientation
		ADDED from src/main/AndroidManifest.xml:34:13-49
	android:name
		ADDED from src/main/AndroidManifest.xml:33:13-68
activity#org.debuggers.anew.toura.CompassActivity
ADDED from src/main/AndroidManifest.xml:35:9-38:47
	android:screenOrientation
		ADDED from src/main/AndroidManifest.xml:37:13-49
	android:theme
		ADDED from src/main/AndroidManifest.xml:38:13-44
	android:name
		ADDED from src/main/AndroidManifest.xml:36:13-68
activity#org.debuggers.anew.toura.ShopNowActivity
ADDED from src/main/AndroidManifest.xml:39:9-41:52
	android:screenOrientation
		ADDED from src/main/AndroidManifest.xml:41:13-49
	android:name
		ADDED from src/main/AndroidManifest.xml:40:13-68
activity#org.debuggers.anew.toura.SpeedMeterActivity
ADDED from src/main/AndroidManifest.xml:42:9-44:52
	android:screenOrientation
		ADDED from src/main/AndroidManifest.xml:44:13-49
	android:name
		ADDED from src/main/AndroidManifest.xml:43:13-71
activity#org.debuggers.anew.toura.CurrencyConverterActivity
ADDED from src/main/AndroidManifest.xml:45:9-47:52
	android:screenOrientation
		ADDED from src/main/AndroidManifest.xml:47:13-49
	android:name
		ADDED from src/main/AndroidManifest.xml:46:13-78
activity#org.debuggers.anew.toura.CalculatorActivity
ADDED from src/main/AndroidManifest.xml:48:9-50:52
	android:screenOrientation
		ADDED from src/main/AndroidManifest.xml:50:13-49
	android:name
		ADDED from src/main/AndroidManifest.xml:49:13-71
activity#org.debuggers.anew.toura.EmergencyActivity
ADDED from src/main/AndroidManifest.xml:51:9-79
	android:name
		ADDED from src/main/AndroidManifest.xml:51:19-76
activity#org.debuggers.anew.toura.PlaceDetailsActivity
ADDED from src/main/AndroidManifest.xml:52:9-55:48
	android:screenOrientation
		ADDED from src/main/AndroidManifest.xml:54:13-49
	android:theme
		ADDED from src/main/AndroidManifest.xml:55:13-45
	android:name
		ADDED from src/main/AndroidManifest.xml:53:13-73
activity#org.debuggers.anew.toura.PrimaryTreamentAcitvity
ADDED from src/main/AndroidManifest.xml:56:9-59:48
	android:screenOrientation
		ADDED from src/main/AndroidManifest.xml:58:13-49
	android:theme
		ADDED from src/main/AndroidManifest.xml:59:13-45
	android:name
		ADDED from src/main/AndroidManifest.xml:57:13-76
activity#org.debuggers.anew.toura.tourElementTreatment
ADDED from src/main/AndroidManifest.xml:60:9-63:48
	android:screenOrientation
		ADDED from src/main/AndroidManifest.xml:62:13-49
	android:theme
		ADDED from src/main/AndroidManifest.xml:63:13-45
	android:name
		ADDED from src/main/AndroidManifest.xml:61:13-73
activity#org.debuggers.anew.toura.PaniteDubeGele
ADDED from src/main/AndroidManifest.xml:64:9-67:48
	android:screenOrientation
		ADDED from src/main/AndroidManifest.xml:66:13-49
	android:theme
		ADDED from src/main/AndroidManifest.xml:67:13-45
	android:name
		ADDED from src/main/AndroidManifest.xml:65:13-67
activity#org.debuggers.anew.toura.HearAttackActivity
ADDED from src/main/AndroidManifest.xml:68:9-71:48
	android:screenOrientation
		ADDED from src/main/AndroidManifest.xml:70:13-49
	android:theme
		ADDED from src/main/AndroidManifest.xml:71:13-45
	android:name
		ADDED from src/main/AndroidManifest.xml:69:13-71
activity#org.debuggers.anew.toura.KuttaKamurDele
ADDED from src/main/AndroidManifest.xml:72:9-75:48
	android:screenOrientation
		ADDED from src/main/AndroidManifest.xml:74:13-49
	android:theme
		ADDED from src/main/AndroidManifest.xml:75:13-45
	android:name
		ADDED from src/main/AndroidManifest.xml:73:13-67
activity#org.debuggers.anew.toura.AgunLagle
ADDED from src/main/AndroidManifest.xml:76:9-79:48
	android:screenOrientation
		ADDED from src/main/AndroidManifest.xml:78:13-49
	android:theme
		ADDED from src/main/AndroidManifest.xml:79:13-45
	android:name
		ADDED from src/main/AndroidManifest.xml:77:13-62
activity#org.debuggers.anew.toura.ShapkaumurDele
ADDED from src/main/AndroidManifest.xml:80:9-83:48
	android:screenOrientation
		ADDED from src/main/AndroidManifest.xml:82:13-49
	android:theme
		ADDED from src/main/AndroidManifest.xml:83:13-45
	android:name
		ADDED from src/main/AndroidManifest.xml:81:13-67
activity#org.debuggers.anew.toura.ElectricShortKhaile
ADDED from src/main/AndroidManifest.xml:84:9-87:48
	android:screenOrientation
		ADDED from src/main/AndroidManifest.xml:86:13-49
	android:theme
		ADDED from src/main/AndroidManifest.xml:87:13-45
	android:name
		ADDED from src/main/AndroidManifest.xml:85:13-72
activity#org.debuggers.anew.toura.JokeKamurdele
ADDED from src/main/AndroidManifest.xml:88:9-91:48
	android:screenOrientation
		ADDED from src/main/AndroidManifest.xml:90:13-49
	android:theme
		ADDED from src/main/AndroidManifest.xml:91:13-45
	android:name
		ADDED from src/main/AndroidManifest.xml:89:13-66
activity#org.debuggers.anew.toura.hatpaketegele
ADDED from src/main/AndroidManifest.xml:92:9-95:48
	android:screenOrientation
		ADDED from src/main/AndroidManifest.xml:94:13-49
	android:theme
		ADDED from src/main/AndroidManifest.xml:95:13-45
	android:name
		ADDED from src/main/AndroidManifest.xml:93:13-66
activity#org.debuggers.anew.toura.PetBethaKorle
ADDED from src/main/AndroidManifest.xml:96:9-99:48
	android:screenOrientation
		ADDED from src/main/AndroidManifest.xml:98:13-49
	android:theme
		ADDED from src/main/AndroidManifest.xml:99:13-45
	android:name
		ADDED from src/main/AndroidManifest.xml:97:13-66
activity#org.debuggers.anew.toura.ChorabalitePorle
ADDED from src/main/AndroidManifest.xml:100:9-103:48
	android:screenOrientation
		ADDED from src/main/AndroidManifest.xml:102:13-49
	android:theme
		ADDED from src/main/AndroidManifest.xml:103:13-45
	android:name
		ADDED from src/main/AndroidManifest.xml:101:13-69
activity#org.debuggers.anew.toura.ShaproshadProblem
ADDED from src/main/AndroidManifest.xml:104:9-107:48
	android:screenOrientation
		ADDED from src/main/AndroidManifest.xml:106:13-49
	android:theme
		ADDED from src/main/AndroidManifest.xml:107:13-45
	android:name
		ADDED from src/main/AndroidManifest.xml:105:13-70
activity#org.debuggers.anew.toura.MathaBetha
ADDED from src/main/AndroidManifest.xml:108:9-111:48
	android:screenOrientation
		ADDED from src/main/AndroidManifest.xml:110:13-49
	android:theme
		ADDED from src/main/AndroidManifest.xml:111:13-45
	android:name
		ADDED from src/main/AndroidManifest.xml:109:13-63
activity#org.debuggers.anew.toura.HatpabengeMochkaiagele
ADDED from src/main/AndroidManifest.xml:112:9-115:48
	android:screenOrientation
		ADDED from src/main/AndroidManifest.xml:114:13-49
	android:theme
		ADDED from src/main/AndroidManifest.xml:115:13-45
	android:name
		ADDED from src/main/AndroidManifest.xml:113:13-75
activity#org.debuggers.anew.toura.TourSongLyrics
ADDED from src/main/AndroidManifest.xml:116:9-119:48
	android:screenOrientation
		ADDED from src/main/AndroidManifest.xml:118:13-49
	android:theme
		ADDED from src/main/AndroidManifest.xml:119:13-45
	android:name
		ADDED from src/main/AndroidManifest.xml:117:13-67
activity#org.debuggers.anew.toura.AhshanManjilPlace0
ADDED from src/main/AndroidManifest.xml:120:9-123:48
	android:screenOrientation
		ADDED from src/main/AndroidManifest.xml:122:13-49
	android:theme
		ADDED from src/main/AndroidManifest.xml:123:13-45
	android:name
		ADDED from src/main/AndroidManifest.xml:121:13-71
activity#org.debuggers.anew.toura.BotanikalGardenPlace9
ADDED from src/main/AndroidManifest.xml:124:9-127:48
	android:screenOrientation
		ADDED from src/main/AndroidManifest.xml:126:13-49
	android:theme
		ADDED from src/main/AndroidManifest.xml:127:13-45
	android:name
		ADDED from src/main/AndroidManifest.xml:125:13-74
activity#org.debuggers.anew.toura.LalbagkEllaPlace27
ADDED from src/main/AndroidManifest.xml:128:9-131:48
	android:screenOrientation
		ADDED from src/main/AndroidManifest.xml:130:13-49
	android:theme
		ADDED from src/main/AndroidManifest.xml:131:13-45
	android:name
		ADDED from src/main/AndroidManifest.xml:129:13-71
activity#org.debuggers.anew.toura.MohaistanGorplace37
ADDED from src/main/AndroidManifest.xml:132:9-135:48
	android:screenOrientation
		ADDED from src/main/AndroidManifest.xml:134:13-49
	android:theme
		ADDED from src/main/AndroidManifest.xml:135:13-45
	android:name
		ADDED from src/main/AndroidManifest.xml:133:13-72
activity#org.debuggers.anew.toura.HazratShahajalaMazar19
ADDED from src/main/AndroidManifest.xml:136:9-139:48
	android:screenOrientation
		ADDED from src/main/AndroidManifest.xml:138:13-49
	android:theme
		ADDED from src/main/AndroidManifest.xml:139:13-45
	android:name
		ADDED from src/main/AndroidManifest.xml:137:13-75
activity#org.debuggers.anew.toura.SonarGaoPlace50
ADDED from src/main/AndroidManifest.xml:140:9-143:48
	android:screenOrientation
		ADDED from src/main/AndroidManifest.xml:142:13-49
	android:theme
		ADDED from src/main/AndroidManifest.xml:143:13-45
	android:name
		ADDED from src/main/AndroidManifest.xml:141:13-68
activity#org.debuggers.anew.toura.RayerBazarPlace45
ADDED from src/main/AndroidManifest.xml:144:9-147:48
	android:screenOrientation
		ADDED from src/main/AndroidManifest.xml:146:13-49
	android:theme
		ADDED from src/main/AndroidManifest.xml:147:13-45
	android:name
		ADDED from src/main/AndroidManifest.xml:145:13-70
activity#org.debuggers.anew.toura.DublarChorPlace16
ADDED from src/main/AndroidManifest.xml:148:9-151:48
	android:screenOrientation
		ADDED from src/main/AndroidManifest.xml:150:13-49
	android:theme
		ADDED from src/main/AndroidManifest.xml:151:13-45
	android:name
		ADDED from src/main/AndroidManifest.xml:149:13-70
activity#org.debuggers.anew.toura.HazaratShahPoranMazar20
ADDED from src/main/AndroidManifest.xml:152:9-155:48
	android:screenOrientation
		ADDED from src/main/AndroidManifest.xml:154:13-49
	android:theme
		ADDED from src/main/AndroidManifest.xml:155:13-45
	android:name
		ADDED from src/main/AndroidManifest.xml:153:13-76
activity#org.debuggers.anew.toura.KoromJolplace25
ADDED from src/main/AndroidManifest.xml:156:9-77
	android:name
		ADDED from src/main/AndroidManifest.xml:156:19-74
activity#org.debuggers.anew.toura.SundorBanPlace
ADDED from src/main/AndroidManifest.xml:157:9-160:48
	android:screenOrientation
		ADDED from src/main/AndroidManifest.xml:159:13-49
	android:theme
		ADDED from src/main/AndroidManifest.xml:160:13-45
	android:name
		ADDED from src/main/AndroidManifest.xml:158:13-67
activity#org.debuggers.anew.toura.MonpuraPlace36
ADDED from src/main/AndroidManifest.xml:161:9-164:48
	android:screenOrientation
		ADDED from src/main/AndroidManifest.xml:163:13-49
	android:theme
		ADDED from src/main/AndroidManifest.xml:164:13-45
	android:name
		ADDED from src/main/AndroidManifest.xml:162:13-67
activity#org.debuggers.anew.toura.ShitakundoPlace49
ADDED from src/main/AndroidManifest.xml:165:9-168:48
	android:screenOrientation
		ADDED from src/main/AndroidManifest.xml:167:13-49
	android:theme
		ADDED from src/main/AndroidManifest.xml:168:13-45
	android:name
		ADDED from src/main/AndroidManifest.xml:166:13-70
activity#org.debuggers.anew.toura.FoyezLacke17
ADDED from src/main/AndroidManifest.xml:169:9-172:48
	android:screenOrientation
		ADDED from src/main/AndroidManifest.xml:171:13-49
	android:theme
		ADDED from src/main/AndroidManifest.xml:172:13-45
	android:name
		ADDED from src/main/AndroidManifest.xml:170:13-65
activity#org.debuggers.anew.toura.AlurtilaPlace2
ADDED from src/main/AndroidManifest.xml:173:9-176:48
	android:screenOrientation
		ADDED from src/main/AndroidManifest.xml:175:13-49
	android:theme
		ADDED from src/main/AndroidManifest.xml:176:13-45
	android:name
		ADDED from src/main/AndroidManifest.xml:174:13-67
activity#org.debuggers.anew.toura.ALiSurong1
ADDED from src/main/AndroidManifest.xml:177:9-180:48
	android:screenOrientation
		ADDED from src/main/AndroidManifest.xml:179:13-49
	android:theme
		ADDED from src/main/AndroidManifest.xml:180:13-45
	android:name
		ADDED from src/main/AndroidManifest.xml:178:13-63
activity#org.debuggers.anew.toura.BandorBonPlace4
ADDED from src/main/AndroidManifest.xml:181:9-184:48
	android:screenOrientation
		ADDED from src/main/AndroidManifest.xml:183:13-49
	android:theme
		ADDED from src/main/AndroidManifest.xml:184:13-45
	android:name
		ADDED from src/main/AndroidManifest.xml:182:13-68
activity#org.debuggers.anew.toura.BogaLakePlace3
ADDED from src/main/AndroidManifest.xml:185:9-188:48
	android:screenOrientation
		ADDED from src/main/AndroidManifest.xml:187:13-49
	android:theme
		ADDED from src/main/AndroidManifest.xml:188:13-45
	android:name
		ADDED from src/main/AndroidManifest.xml:186:13-67
activity#org.debuggers.anew.toura.ComillaPlace11
ADDED from src/main/AndroidManifest.xml:189:9-192:48
	android:screenOrientation
		ADDED from src/main/AndroidManifest.xml:191:13-49
	android:theme
		ADDED from src/main/AndroidManifest.xml:192:13-45
	android:name
		ADDED from src/main/AndroidManifest.xml:190:13-67
activity#org.debuggers.anew.toura.CoxsBazarPlace12
ADDED from src/main/AndroidManifest.xml:193:9-196:48
	android:screenOrientation
		ADDED from src/main/AndroidManifest.xml:195:13-49
	android:theme
		ADDED from src/main/AndroidManifest.xml:196:13-45
	android:name
		ADDED from src/main/AndroidManifest.xml:194:13-69
activity#org.debuggers.anew.toura.KeokradhongPlace24
ADDED from src/main/AndroidManifest.xml:197:9-200:48
	android:screenOrientation
		ADDED from src/main/AndroidManifest.xml:199:13-49
	android:theme
		ADDED from src/main/AndroidManifest.xml:200:13-45
	android:name
		ADDED from src/main/AndroidManifest.xml:198:13-71
activity#org.debuggers.anew.toura.NijhumDwipPlace31
ADDED from src/main/AndroidManifest.xml:201:9-204:48
	android:screenOrientation
		ADDED from src/main/AndroidManifest.xml:203:13-49
	android:theme
		ADDED from src/main/AndroidManifest.xml:204:13-45
	android:name
		ADDED from src/main/AndroidManifest.xml:202:13-70
activity#org.debuggers.anew.toura.Nilacholplace34
ADDED from src/main/AndroidManifest.xml:205:9-208:48
	android:screenOrientation
		ADDED from src/main/AndroidManifest.xml:207:13-49
	android:theme
		ADDED from src/main/AndroidManifest.xml:208:13-45
	android:name
		ADDED from src/main/AndroidManifest.xml:206:13-68
activity#org.debuggers.anew.toura.NilgiriPlace33
ADDED from src/main/AndroidManifest.xml:209:9-212:48
	android:screenOrientation
		ADDED from src/main/AndroidManifest.xml:211:13-49
	android:theme
		ADDED from src/main/AndroidManifest.xml:212:13-45
	android:name
		ADDED from src/main/AndroidManifest.xml:210:13-67
activity#org.debuggers.anew.toura.PotengaPlace
ADDED from src/main/AndroidManifest.xml:213:9-216:48
	android:screenOrientation
		ADDED from src/main/AndroidManifest.xml:215:13-49
	android:theme
		ADDED from src/main/AndroidManifest.xml:216:13-45
	android:name
		ADDED from src/main/AndroidManifest.xml:214:13-65
activity#org.debuggers.anew.toura.RangaMatiPlace
ADDED from src/main/AndroidManifest.xml:217:9-220:48
	android:screenOrientation
		ADDED from src/main/AndroidManifest.xml:219:13-49
	android:theme
		ADDED from src/main/AndroidManifest.xml:220:13-45
	android:name
		ADDED from src/main/AndroidManifest.xml:218:13-67
activity#org.debuggers.anew.toura.ChandronathPaharpLace13
ADDED from src/main/AndroidManifest.xml:221:9-224:48
	android:screenOrientation
		ADDED from src/main/AndroidManifest.xml:223:13-49
	android:theme
		ADDED from src/main/AndroidManifest.xml:224:13-45
	android:name
		ADDED from src/main/AndroidManifest.xml:222:13-76
activity#org.debuggers.anew.toura.goldentTemple47
ADDED from src/main/AndroidManifest.xml:225:9-228:48
	android:screenOrientation
		ADDED from src/main/AndroidManifest.xml:227:13-49
	android:theme
		ADDED from src/main/AndroidManifest.xml:228:13-45
	android:name
		ADDED from src/main/AndroidManifest.xml:226:13-68
activity#org.debuggers.anew.toura.SajekVallay48
ADDED from src/main/AndroidManifest.xml:229:9-232:48
	android:screenOrientation
		ADDED from src/main/AndroidManifest.xml:231:13-49
	android:theme
		ADDED from src/main/AndroidManifest.xml:232:13-45
	android:name
		ADDED from src/main/AndroidManifest.xml:230:13-66
activity#org.debuggers.anew.toura.Milonchori39
ADDED from src/main/AndroidManifest.xml:233:9-236:48
	android:screenOrientation
		ADDED from src/main/AndroidManifest.xml:235:13-49
	android:theme
		ADDED from src/main/AndroidManifest.xml:236:13-45
	android:name
		ADDED from src/main/AndroidManifest.xml:234:13-65
activity#org.debuggers.anew.toura.shatGombujMosjid51
ADDED from src/main/AndroidManifest.xml:237:9-240:48
	android:screenOrientation
		ADDED from src/main/AndroidManifest.xml:239:13-49
	android:theme
		ADDED from src/main/AndroidManifest.xml:240:13-45
	android:name
		ADDED from src/main/AndroidManifest.xml:238:13-71
activity#org.debuggers.anew.toura.BahularBasor8
ADDED from src/main/AndroidManifest.xml:241:9-244:48
	android:screenOrientation
		ADDED from src/main/AndroidManifest.xml:243:13-49
	android:theme
		ADDED from src/main/AndroidManifest.xml:244:13-45
	android:name
		ADDED from src/main/AndroidManifest.xml:242:13-66
activity#org.debuggers.anew.toura.cholonbill14
ADDED from src/main/AndroidManifest.xml:245:9-248:48
	android:screenOrientation
		ADDED from src/main/AndroidManifest.xml:247:13-49
	android:theme
		ADDED from src/main/AndroidManifest.xml:248:13-45
	android:name
		ADDED from src/main/AndroidManifest.xml:246:13-65
activity#org.debuggers.anew.toura.VolaGonj10
ADDED from src/main/AndroidManifest.xml:249:9-252:48
	android:screenOrientation
		ADDED from src/main/AndroidManifest.xml:251:13-49
	android:theme
		ADDED from src/main/AndroidManifest.xml:252:13-45
	android:name
		ADDED from src/main/AndroidManifest.xml:250:13-63
activity#org.debuggers.anew.toura.Bichanakandi
ADDED from src/main/AndroidManifest.xml:253:9-256:48
	android:screenOrientation
		ADDED from src/main/AndroidManifest.xml:255:13-49
	android:theme
		ADDED from src/main/AndroidManifest.xml:256:13-45
	android:name
		ADDED from src/main/AndroidManifest.xml:254:13-65
activity#org.debuggers.anew.toura.Jaflong
ADDED from src/main/AndroidManifest.xml:257:9-260:48
	android:screenOrientation
		ADDED from src/main/AndroidManifest.xml:259:13-49
	android:theme
		ADDED from src/main/AndroidManifest.xml:260:13-45
	android:name
		ADDED from src/main/AndroidManifest.xml:258:13-60
activity#org.debuggers.anew.toura.SongramPunjZorna
ADDED from src/main/AndroidManifest.xml:261:9-264:48
	android:screenOrientation
		ADDED from src/main/AndroidManifest.xml:263:13-49
	android:theme
		ADDED from src/main/AndroidManifest.xml:264:13-45
	android:name
		ADDED from src/main/AndroidManifest.xml:262:13-69
activity#org.debuggers.anew.toura.DibirHowar
ADDED from src/main/AndroidManifest.xml:265:9-268:48
	android:screenOrientation
		ADDED from src/main/AndroidManifest.xml:267:13-49
	android:theme
		ADDED from src/main/AndroidManifest.xml:268:13-45
	android:name
		ADDED from src/main/AndroidManifest.xml:266:13-63
activity#org.debuggers.anew.toura.SunamGonj
ADDED from src/main/AndroidManifest.xml:269:9-272:48
	android:screenOrientation
		ADDED from src/main/AndroidManifest.xml:271:13-49
	android:theme
		ADDED from src/main/AndroidManifest.xml:272:13-45
	android:name
		ADDED from src/main/AndroidManifest.xml:270:13-62
activity#org.debuggers.anew.toura.MadobkundoJorna
ADDED from src/main/AndroidManifest.xml:273:9-276:48
	android:screenOrientation
		ADDED from src/main/AndroidManifest.xml:275:13-49
	android:theme
		ADDED from src/main/AndroidManifest.xml:276:13-45
	android:name
		ADDED from src/main/AndroidManifest.xml:274:13-68
activity#org.debuggers.anew.toura.LokkhonChora
ADDED from src/main/AndroidManifest.xml:277:9-280:48
	android:screenOrientation
		ADDED from src/main/AndroidManifest.xml:279:13-49
	android:theme
		ADDED from src/main/AndroidManifest.xml:280:13-45
	android:name
		ADDED from src/main/AndroidManifest.xml:278:13-65
activity#org.debuggers.anew.toura.Uttomchora
ADDED from src/main/AndroidManifest.xml:281:9-284:48
	android:screenOrientation
		ADDED from src/main/AndroidManifest.xml:283:13-49
	android:theme